<?xml version="1.0" encoding="UTF-8" ?>
<testsuite errors="0" failures="0" hostname="mkyong-mac" name="com.mkyong.test.TestMessage" skipped="0" tests="1" time="0.063" timestamp="2015-01-13T07:23:07">
  <properties>
    <property name="file.encoding.pkg" value="sun.io" />
    <property name="ivy.retrieve.pattern.ivy.instance" value="/Users/mkyong/Documents/workspace/AntSpringMVC/lib/[artifact]-[revision](-[classifier]).[ext]" />
    <property name="ant.file.type.HelloProject" value="file" />
    <property name="java.vendor.url.ivy.instance" value="http://java.oracle.com/" />
    <property name="ivy.local.default.ivy.pattern.ivy.instance" value="[organisation]/[module]/[revision]/[type]s/[artifact].[ext]" />
    <property name="ivy.project.dir.ivy.instance" value="/Users/mkyong/Documents/workspace/AntSpringMVC" />
    <property name="ivy.resolve.default.type.filter" value="*" />
    <property name="target.temp.dir" value="/Users/mkyong/Documents/workspace/AntSpringMVC/target/temp" />
    <property name="java.home" value="/Library/Java/JavaVirtualMachines/1.7.0.jdk/Contents/Home/jre" />
    <property name="ivy.configurations.ivy.instance" value="*" />
    <property name="ivy.basedir.ivy.instance" value="/Users/mkyong/Documents/workspace/AntSpringMVC" />
    <property name="ivy.dep.file.ivy.instance" value="ivy.xml" />
    <property name="java.endorsed.dirs" value="/Library/Java/JavaVirtualMachines/1.7.0.jdk/Contents/Home/jre/lib/endorsed" />
    <property name="java.class.path.ivy.instance" value="/Users/mkyong/ant/apache-ant-1.9.4/lib/ant-launcher.jar:/Users/mkyong/.ant/lib/ivy.jar:/Users/mkyong/ant/apache-ant-1.9.4/lib/ant-antlr.jar:/Users/mkyong/ant/apache-ant-1.9.4/lib/ant-apache-bcel.jar:/Users/mkyong/ant/apache-ant-1.9.4/lib/ant-apache-bsf.jar:/Users/mkyong/ant/apache-ant-1.9.4/lib/ant-apache-log4j.jar:/Users/mkyong/ant/apache-ant-1.9.4/lib/ant-apache-oro.jar:/Users/mkyong/ant/apache-ant-1.9.4/lib/ant-apache-regexp.jar:/Users/mkyong/ant/apache-ant-1.9.4/lib/ant-apache-resolver.jar:/Users/mkyong/ant/apache-ant-1.9.4/lib/ant-apache-xalan2.jar:/Users/mkyong/ant/apache-ant-1.9.4/lib/ant-commons-logging.jar:/Users/mkyong/ant/apache-ant-1.9.4/lib/ant-commons-net.jar:/Users/mkyong/ant/apache-ant-1.9.4/lib/ant-jai.jar:/Users/mkyong/ant/apache-ant-1.9.4/lib/ant-javamail.jar:/Users/mkyong/ant/apache-ant-1.9.4/lib/ant-jdepend.jar:/Users/mkyong/ant/apache-ant-1.9.4/lib/ant-jmf.jar:/Users/mkyong/ant/apache-ant-1.9.4/lib/ant-jsch.jar:/Users/mkyong/ant/apache-ant-1.9.4/lib/ant-junit.jar:/Users/mkyong/ant/apache-ant-1.9.4/lib/ant-junit4.jar:/Users/mkyong/ant/apache-ant-1.9.4/lib/ant-launcher.jar:/Users/mkyong/ant/apache-ant-1.9.4/lib/ant-netrexx.jar:/Users/mkyong/ant/apache-ant-1.9.4/lib/ant-swing.jar:/Users/mkyong/ant/apache-ant-1.9.4/lib/ant-testutil.jar:/Users/mkyong/ant/apache-ant-1.9.4/lib/ant.jar:/Library/Java/JavaVirtualMachines/1.7.0.jdk/Contents/Home/lib/tools.jar" />
    <property name="ivy.home" value="/Users/mkyong/.ivy2" />
    <property name="src.dir" value="/Users/mkyong/Documents/workspace/AntSpringMVC/src" />
    <property name="ftp.nonProxyHosts.ivy.instance" value="local|*.local|169.254/16|*.169.254/16" />
    <property name="java.vm.specification.vendor.ivy.instance" value="Oracle Corporation" />
    <property name="sun.os.patch.level" value="unknown" />
    <property name="ivy.dep.file" value="ivy.xml" />
    <property name="java.vendor.url" value="http://java.oracle.com/" />
    <property name="ivy.local.default.artifact.pattern.ivy.instance" value="[organisation]/[module]/[revision]/[type]s/[artifact].[ext]" />
    <property name="ivy.lib.dir.ivy.instance" value="/Users/mkyong/Documents/workspace/AntSpringMVC/lib" />
    <property name="java.version" value="1.7.0_05" />
    <property name="ivy.conf.dir.ivy.instance" value="jar:file:/Users/mkyong/.ant/lib/ivy.jar!/org/apache/ivy/core/settings" />
    <property name="sun.boot.library.path.ivy.instance" value="/Library/Java/JavaVirtualMachines/1.7.0.jdk/Contents/Home/jre/lib" />
    <property name="ivy.report.output.pattern.ivy.instance" value="[organisation]-[module]-[conf].[ext]" />
    <property name="ivy.module" value="WebProject" />
    <property name="ivy.publish.src.artifacts.pattern.ivy.instance" value="/Users/mkyong/Documents/workspace/AntSpringMVC/distrib/[type]s/[artifact]-[revision](-[classifier]).[ext]" />
    <property name="java.vendor.url.bug" value="http://bugreport.sun.com/bugreport/" />
    <property name="sun.management.compiler.ivy.instance" value="HotSpot 64-Bit Tiered Compilers" />
    <property name="ant.project.invoked-targets" value="junit" />
    <property name="ivy.local.default.artifact.pattern" value="[organisation]/[module]/[revision]/[type]s/[artifact].[ext]" />
    <property name="os.name.ivy.instance" value="Mac OS X" />
    <property name="ivy.default.ivy.user.dir.ivy.instance" value="/Users/mkyong/.ivy2" />
    <property name="ivy.default.always.check.exact.revision" value="false" />
    <property name="ivy.default.settings.dir.ivy.instance" value="jar:file:/Users/mkyong/.ant/lib/ivy.jar!/org/apache/ivy/core/settings" />
    <property name="user.name" value="mkyong" />
    <property name="sun.io.unicode.encoding" value="UnicodeBig" />
    <property name="ivy.shared.default.root.ivy.instance" value="/Users/mkyong/.ivy2/shared" />
    <property name="sun.jnu.encoding" value="UTF-8" />
    <property name="java.runtime.name" value="Java(TM) SE Runtime Environment" />
    <property name="ant.home.ivy.instance" value="/Users/mkyong/ant/apache-ant-1.9.4" />
    <property name="file.encoding.ivy.instance" value="UTF-8" />
    <property name="ivy.cache.ttl.default.ivy.instance" value="10s" />
    <property name="java.specification.vendor.ivy.instance" value="Oracle Corporation" />
    <property name="java.vendor.ivy.instance" value="Oracle Corporation" />
    <property name="lib.dir" value="lib" />
    <property name="sun.cpu.isalist.ivy.instance" value="" />
    <property name="java.specification.name" value="Java Platform API Specification" />
    <property name="ftp.nonProxyHosts" value="local|*.local|169.254/16|*.169.254/16" />
    <property name="user.timezone" value="" />
    <property name="java.endorsed.dirs.ivy.instance" value="/Library/Java/JavaVirtualMachines/1.7.0.jdk/Contents/Home/jre/lib/endorsed" />
    <property name="path.separator" value=":" />
    <property name="jdk.version" value="1.7" />
    <property name="java.class.version.ivy.instance" value="51.0" />
    <property name="ivy.default.conf.dir" value="jar:file:/Users/mkyong/.ant/lib/ivy.jar!/org/apache/ivy/core/settings" />
    <property name="file.encoding" value="UTF-8" />
    <property name="java.runtime.name.ivy.instance" value="Java(TM) SE Runtime Environment" />
    <property name="ivy.resolve.default.type.filter.ivy.instance" value="*" />
    <property name="ant.project.default-target" value="main" />
    <property name="ivy.targets.copied" value="false" />
    <property name="ivy.parents.count" value="0" />
    <property name="sun.java.command" value="org.apache.tools.ant.taskdefs.optional.junit.JUnitTestRunner com.mkyong.test.TestMessage skipNonTests=false filtertrace=true haltOnError=false haltOnFailure=false formatter=org.apache.tools.ant.taskdefs.optional.junit.SummaryJUnitResultFormatter showoutput=false outputtoformatters=true logfailedtests=true threadid=0 logtestlistenerevents=false formatter=org.apache.tools.ant.taskdefs.optional.junit.XMLJUnitResultFormatter,/Users/mkyong/Documents/workspace/AntSpringMVC/report/TEST-com.mkyong.test.TestMessage.xml crashfile=/Users/mkyong/Documents/workspace/AntSpringMVC/junitvmwatcher7029859929660574858.properties propsfile=/Users/mkyong/Documents/workspace/AntSpringMVC/junit4852919853355072220.properties" />
    <property name="socksNonProxyHosts" value="local|*.local|169.254/16|*.169.254/16" />
    <property name="ivy.shared.default.artifact.pattern" value="[organisation]/[module]/[revision]/[type]s/[artifact].[ext]" />
    <property name="ant.file" value="/Users/mkyong/Documents/workspace/AntSpringMVC/build.xml" />
    <property name="ivy.distrib.dir.ivy.instance" value="/Users/mkyong/Documents/workspace/AntSpringMVC/distrib" />
    <property name="ivy.checksums.ivy.instance" value="sha1,md5" />
    <property name="sun.arch.data.model.ivy.instance" value="64" />
    <property name="ivy.build.artifacts.dir.ivy.instance" value="/Users/mkyong/Documents/workspace/AntSpringMVC/build/artifacts" />
    <property name="ivy.settings.file" value="ivysettings.xml" />
    <property name="java.io.tmpdir" value="/var/folders/w8/jxyz5pf51lz7nmqm_hv5z5br0000gn/T/" />
    <property name="ivy.buildlist.ivyfilepath.ivy.instance" value="ivy.xml" />
    <property name="ivy.cache.ttl.default" value="10s" />
    <property name="user.language" value="en" />
    <property name="user.dir.ivy.instance" value="/Users/mkyong/Documents/workspace/AntSpringMVC" />
    <property name="ivy.home.ivy.instance" value="/Users/mkyong/.ivy2" />
    <property name="line.separator" value="&#xa;" />
    <property name="java.specification.version.ivy.instance" value="1.7" />
    <property name="ant.file.type" value="file" />
    <property name="web.classes.dir" value="/Users/mkyong/Documents/workspace/AntSpringMVC/war/WEB-INF/classes" />
    <property name="ivy.build.artifacts.dir" value="/Users/mkyong/Documents/workspace/AntSpringMVC/build/artifacts" />
    <property name="ivy.settings.dir.url" value="jar:file:/Users/mkyong/.ant/lib/ivy.jar!/org/apache/ivy/core/settings" />
    <property name="report.dir" value="/Users/mkyong/Documents/workspace/AntSpringMVC/report" />
    <property name="sun.io.unicode.encoding.ivy.instance" value="UnicodeBig" />
    <property name="ivy.status" value="integration" />
    <property name="java.vm.info" value="mixed mode" />
    <property name="ivy.lib.dir" value="/Users/mkyong/Documents/workspace/AntSpringMVC/lib" />
    <property name="java.vm.specification.name" value="Java Virtual Machine Specification" />
    <property name="ivy.default.conf.dir.ivy.instance" value="jar:file:/Users/mkyong/.ant/lib/ivy.jar!/org/apache/ivy/core/settings" />
    <property name="java.vm.version.ivy.instance" value="23.1-b03" />
    <property name="ant.file.HelloProject" value="/Users/mkyong/Documents/workspace/AntSpringMVC/build.xml" />
    <property name="http.nonProxyHosts" value="local|*.local|169.254/16|*.169.254/16" />
    <property name="user.name.ivy.instance" value="mkyong" />
    <property name="ivy.cache.dir" value="/Users/mkyong/.ivy2/cache" />
    <property name="java.awt.printerjob" value="sun.lwawt.macosx.CPrinterJob" />
    <property name="java.io.tmpdir.ivy.instance" value="/var/folders/w8/jxyz5pf51lz7nmqm_hv5z5br0000gn/T/" />
    <property name="ant.version" value="Apache Ant(TM) version 1.9.4 compiled on April 29 2014" />
    <property name="java.home.ivy.instance" value="/Library/Java/JavaVirtualMachines/1.7.0.jdk/Contents/Home/jre" />
    <property name="java.vm.vendor.ivy.instance" value="Oracle Corporation" />
    <property name="gopherProxySet" value="false" />
    <property name="ivy.default.settings.dir" value="jar:file:/Users/mkyong/.ant/lib/ivy.jar!/org/apache/ivy/core/settings" />
    <property name="ivy.configurations" value="*" />
    <property name="ivy.settings.url" value="jar:file:/Users/mkyong/.ant/lib/ivy.jar!/org/apache/ivy/core/settings/ivysettings.xml" />
    <property name="os.name" value="Mac OS X" />
    <property name="java.specification.vendor" value="Oracle Corporation" />
    <property name="sun.jnu.encoding.ivy.instance" value="UTF-8" />
    <property name="ivy.deliver.ivy.pattern.ivy.instance" value="/Users/mkyong/Documents/workspace/AntSpringMVC/distrib/[type]s/[artifact]-[revision](-[classifier]).[ext]" />
    <property name="ivy.checksums" value="sha1,md5" />
    <property name="java.vm.name" value="Java HotSpot(TM) 64-Bit Server VM" />
    <property name="http.nonProxyHosts.ivy.instance" value="local|*.local|169.254/16|*.169.254/16" />
    <property name="ivy.log.modules.in.use" value="false" />
    <property name="java.runtime.version.ivy.instance" value="1.7.0_05-b05" />
    <property name="ivy.report.output.pattern" value="[organisation]-[module]-[conf].[ext]" />
    <property name="ivy.version" value="2.4.0-rc1" />
    <property name="java.library.path" value="/Users/mkyong/Library/Java/Extensions:/Library/Java/Extensions:/Network/Library/Java/Extensions:/System/Library/Java/Extensions:/usr/lib/java:." />
    <property name="ivy.conf.url" value="jar:file:/Users/mkyong/.ant/lib/ivy.jar!/org/apache/ivy/core/settings/ivysettings.xml" />
    <property name="java.vm.name.ivy.instance" value="Java HotSpot(TM) 64-Bit Server VM" />
    <property name="os.version.ivy.instance" value="10.10" />
    <property name="line.separator.ivy.instance" value="&#xa;" />
    <property name="ant.java.version" value="1.7" />
    <property name="sun.cpu.endian.ivy.instance" value="little" />
    <property name="java.vm.specification.name.ivy.instance" value="Java Virtual Machine Specification" />
    <property name="basedir" value="/Users/mkyong/Documents/workspace/AntSpringMVC" />
    <property name="java.class.version" value="51.0" />
    <property name="ivy.settings.url.ivy.instance" value="jar:file:/Users/mkyong/.ant/lib/ivy.jar!/org/apache/ivy/core/settings/ivysettings.xml" />
    <property name="path.separator.ivy.instance" value=":" />
    <property name="sun.boot.class.path.ivy.instance" value="/Library/Java/JavaVirtualMachines/1.7.0.jdk/Contents/Home/jre/lib/resources.jar:/Library/Java/JavaVirtualMachines/1.7.0.jdk/Contents/Home/jre/lib/rt.jar:/Library/Java/JavaVirtualMachines/1.7.0.jdk/Contents/Home/jre/lib/sunrsasign.jar:/Library/Java/JavaVirtualMachines/1.7.0.jdk/Contents/Home/jre/lib/jsse.jar:/Library/Java/JavaVirtualMachines/1.7.0.jdk/Contents/Home/jre/lib/jce.jar:/Library/Java/JavaVirtualMachines/1.7.0.jdk/Contents/Home/jre/lib/charsets.jar:/Library/Java/JavaVirtualMachines/1.7.0.jdk/Contents/Home/jre/lib/jfr.jar:/Library/Java/JavaVirtualMachines/1.7.0.jdk/Contents/Home/jre/lib/JObjC.jar:/Library/Java/JavaVirtualMachines/1.7.0.jdk/Contents/Home/jre/classes" />
    <property name="ant.home" value="/Users/mkyong/ant/apache-ant-1.9.4" />
    <property name="ivy.resolved.configurations" value="compile, runtime, test" />
    <property name="ivy.deliver.ivy.pattern" value="/Users/mkyong/Documents/workspace/AntSpringMVC/distrib/[type]s/[artifact]-[revision](-[classifier]).[ext]" />
    <property name="sun.boot.library.path" value="/Library/Java/JavaVirtualMachines/1.7.0.jdk/Contents/Home/jre/lib" />
    <property name="ivy.default.always.check.exact.revision.ivy.instance" value="false" />
    <property name="java.library.path.ivy.instance" value="/Users/mkyong/Library/Java/Extensions:/Library/Java/Extensions:/Network/Library/Java/Extensions:/System/Library/Java/Extensions:/usr/lib/java:." />
    <property name="target.dir" value="/Users/mkyong/Documents/workspace/AntSpringMVC/target" />
    <property name="awt.toolkit.ivy.instance" value="sun.lwawt.macosx.LWCToolkit" />
    <property name="ivy.basedir" value="/Users/mkyong/Documents/workspace/AntSpringMVC" />
    <property name="sun.management.compiler" value="HotSpot 64-Bit Tiered Compilers" />
    <property name="java.ext.dirs.ivy.instance" value="/Users/mkyong/Library/Java/Extensions:/Library/Java/JavaVirtualMachines/1.7.0.jdk/Contents/Home/jre/lib/ext:/Library/Java/Extensions:/Network/Library/Java/Extensions:/System/Library/Java/Extensions:/usr/lib/java" />
    <property name="java.awt.graphicsenv" value="sun.awt.CGraphicsEnvironment" />
    <property name="ivy.log.modules.in.use.ivy.instance" value="false" />
    <property name="ivy.settings.dir.url.ivy.instance" value="jar:file:/Users/mkyong/.ant/lib/ivy.jar!/org/apache/ivy/core/settings" />
    <property name="sun.os.patch.level.ivy.instance" value="unknown" />
    <property name="file.encoding.pkg.ivy.instance" value="sun.io" />
    <property name="ivy.shared.default.ivy.pattern" value="[organisation]/[module]/[revision]/[type]s/[artifact].[ext]" />
    <property name="ivy.resolver.default.check.modified" value="false" />
    <property name="ivy.settings.file.ivy.instance" value="ivysettings.xml" />
    <property name="ivy.nb.targets.copied" value="0" />
    <property name="ant.project.name" value="HelloProject" />
    <property name="java.vm.specification.version" value="1.7" />
    <property name="ivy.cache.dir.ivy.instance" value="/Users/mkyong/.ivy2/cache" />
    <property name="socksNonProxyHosts.ivy.instance" value="local|*.local|169.254/16|*.169.254/16" />
    <property name="resources.dir" value="/Users/mkyong/Documents/workspace/AntSpringMVC/resources" />
    <property name="ivy.status.ivy.instance" value="integration" />
    <property name="awt.toolkit" value="sun.lwawt.macosx.LWCToolkit" />
    <property name="sun.cpu.isalist" value="" />
    <property name="file.separator.ivy.instance" value="/" />
    <property name="ivy.deps.changed" value="false" />
    <property name="ivy.local.default.root.ivy.instance" value="/Users/mkyong/.ivy2/local" />
    <property name="java.ext.dirs" value="/Users/mkyong/Library/Java/Extensions:/Library/Java/JavaVirtualMachines/1.7.0.jdk/Contents/Home/jre/lib/ext:/Library/Java/Extensions:/Network/Library/Java/Extensions:/System/Library/Java/Extensions:/usr/lib/java" />
    <property name="os.version" value="10.10" />
    <property name="user.home" value="/Users/mkyong" />
    <property name="sun.java.launcher.ivy.instance" value="SUN_STANDARD" />
    <property name="java.vm.vendor" value="Oracle Corporation" />
    <property name="ivy.local.default.root" value="/Users/mkyong/.ivy2/local" />
    <property name="ivy.organisation" value="org.apache" />
    <property name="user.dir" value="/Users/mkyong/Documents/workspace/AntSpringMVC" />
    <property name="ant.library.dir.ivy.instance" value="/Users/mkyong/ant/apache-ant-1.9.4/lib" />
    <property name="ivy.local.default.ivy.pattern" value="[organisation]/[module]/[revision]/[type]s/[artifact].[ext]" />
    <property name="ivy.shared.default.ivy.pattern.ivy.instance" value="[organisation]/[module]/[revision]/[type]s/[artifact].[ext]" />
    <property name="test.dir" value="/Users/mkyong/Documents/workspace/AntSpringMVC/src" />
    <property name="ivy.publish.src.artifacts.pattern" value="/Users/mkyong/Documents/workspace/AntSpringMVC/distrib/[type]s/[artifact]-[revision](-[classifier]).[ext]" />
    <property name="java.vm.info.ivy.instance" value="mixed mode" />
    <property name="sun.java.command.ivy.instance" value="org.apache.tools.ant.launch.Launcher -cp  junit" />
    <property name="ivy.distrib.dir" value="/Users/mkyong/Documents/workspace/AntSpringMVC/distrib" />
    <property name="sun.cpu.endian" value="little" />
    <property name="ivy.revision" value="working@mkyong-mac" />
    <property name="user.timezone.ivy.instance" value="Asia/Kuala_Lumpur" />
    <property name="java.vm.version" value="23.1-b03" />
    <property name="ivy.default.ivy.user.dir" value="/Users/mkyong/.ivy2" />
    <property name="java.class.path" value="/Users/mkyong/.ivy2/cache/org.slf4j/slf4j-api/jars/slf4j-api-1.7.6.jar:/Users/mkyong/.ivy2/cache/jstl/jstl/jars/jstl-1.2.jar:/Users/mkyong/.ivy2/cache/ch.qos.logback/logback-classic/jars/logback-classic-1.1.2.jar:/Users/mkyong/.ivy2/cache/ch.qos.logback/logback-core/jars/logback-core-1.1.2.jar:/Users/mkyong/.ivy2/cache/org.springframework/spring-core/jars/spring-core-4.1.3.RELEASE.jar:/Users/mkyong/.ivy2/cache/commons-logging/commons-logging/jars/commons-logging-1.2.jar:/Users/mkyong/.ivy2/cache/org.springframework/spring-beans/jars/spring-beans-4.1.3.RELEASE.jar:/Users/mkyong/.ivy2/cache/org.springframework/spring-context/jars/spring-context-4.1.3.RELEASE.jar:/Users/mkyong/.ivy2/cache/org.springframework/spring-aop/jars/spring-aop-4.1.3.RELEASE.jar:/Users/mkyong/.ivy2/cache/aopalliance/aopalliance/jars/aopalliance-1.0.jar:/Users/mkyong/.ivy2/cache/org.springframework/spring-expression/jars/spring-expression-4.1.3.RELEASE.jar:/Users/mkyong/.ivy2/cache/org.springframework/spring-web/jars/spring-web-4.1.3.RELEASE.jar:/Users/mkyong/.ivy2/cache/org.springframework/spring-webmvc/jars/spring-webmvc-4.1.3.RELEASE.jar:/Users/mkyong/.ivy2/cache/junit/junit/jars/junit-4.11.jar:/Users/mkyong/.ivy2/cache/org.hamcrest/hamcrest-core/jars/hamcrest-core-1.3.jar:/Users/mkyong/Documents/workspace/AntSpringMVC/war/WEB-INF/classes:/Users/mkyong/ant/apache-ant-1.9.4/lib/ant-launcher.jar:/Users/mkyong/ant/apache-ant-1.9.4/lib/ant.jar:/Users/mkyong/ant/apache-ant-1.9.4/lib/ant-junit.jar:/Users/mkyong/ant/apache-ant-1.9.4/lib/ant-junit4.jar" />
    <property name="user.home.ivy.instance" value="/Users/mkyong" />
    <property name="basedir.ivy.instance" value="/Users/mkyong/Documents/workspace/AntSpringMVC" />
    <property name="ant.library.dir" value="/Users/mkyong/ant/apache-ant-1.9.4/lib" />
    <property name="os.arch" value="x86_64" />
    <property name="java.awt.graphicsenv.ivy.instance" value="sun.awt.CGraphicsEnvironment" />
    <property name="java.vendor.url.bug.ivy.instance" value="http://bugreport.sun.com/bugreport/" />
    <property name="java.vm.specification.version.ivy.instance" value="1.7" />
    <property name="sun.java.launcher" value="SUN_STANDARD" />
    <property name="java.awt.printerjob.ivy.instance" value="sun.lwawt.macosx.CPrinterJob" />
    <property name="ivy.settings.dir.ivy.instance" value="jar:file:/Users/mkyong/.ant/lib/ivy.jar!/org/apache/ivy/core/settings" />
    <property name="ant.core.lib" value="/Users/mkyong/ant/apache-ant-1.9.4/lib/ant.jar" />
    <property name="ivy.resolver.default.check.modified.ivy.instance" value="false" />
    <property name="java.vm.specification.vendor" value="Oracle Corporation" />
    <property name="ivy.settings.dir" value="jar:file:/Users/mkyong/.ant/lib/ivy.jar!/org/apache/ivy/core/settings" />
    <property name="gopherProxySet.ivy.instance" value="false" />
    <property name="file.separator" value="/" />
    <property name="user.language.ivy.instance" value="en" />
    <property name="ivy.shared.default.artifact.pattern.ivy.instance" value="[organisation]/[module]/[revision]/[type]s/[artifact].[ext]" />
    <property name="user.country.ivy.instance" value="US" />
    <property name="ivy.conf.url.ivy.instance" value="jar:file:/Users/mkyong/.ant/lib/ivy.jar!/org/apache/ivy/core/settings/ivysettings.xml" />
    <property name="java.runtime.version" value="1.7.0_05-b05" />
    <property name="java.specification.name.ivy.instance" value="Java Platform API Specification" />
    <property name="sun.boot.class.path" value="/Library/Java/JavaVirtualMachines/1.7.0.jdk/Contents/Home/jre/lib/resources.jar:/Library/Java/JavaVirtualMachines/1.7.0.jdk/Contents/Home/jre/lib/rt.jar:/Library/Java/JavaVirtualMachines/1.7.0.jdk/Contents/Home/jre/lib/sunrsasign.jar:/Library/Java/JavaVirtualMachines/1.7.0.jdk/Contents/Home/jre/lib/jsse.jar:/Library/Java/JavaVirtualMachines/1.7.0.jdk/Contents/Home/jre/lib/jce.jar:/Library/Java/JavaVirtualMachines/1.7.0.jdk/Contents/Home/jre/lib/charsets.jar:/Library/Java/JavaVirtualMachines/1.7.0.jdk/Contents/Home/jre/lib/jfr.jar:/Library/Java/JavaVirtualMachines/1.7.0.jdk/Contents/Home/jre/lib/JObjC.jar:/Library/Java/JavaVirtualMachines/1.7.0.jdk/Contents/Home/jre/classes" />
    <property name="ivy.conf.dir" value="jar:file:/Users/mkyong/.ant/lib/ivy.jar!/org/apache/ivy/core/settings" />
    <property name="ivy.retrieve.pattern" value="/Users/mkyong/Documents/workspace/AntSpringMVC/lib/[artifact]-[revision](-[classifier]).[ext]" />
    <property name="user.country" value="US" />
    <property name="ivy.shared.default.root" value="/Users/mkyong/.ivy2/shared" />
    <property name="java.version.ivy.instance" value="1.7.0_05" />
    <property name="ivy.resolved.file" value="/Users/mkyong/Documents/workspace/AntSpringMVC/ivy.xml" />
    <property name="os.arch.ivy.instance" value="x86_64" />
    <property name="java.vendor" value="Oracle Corporation" />
    <property name="web.dir" value="war" />
    <property name="ivy.project.dir" value="/Users/mkyong/Documents/workspace/AntSpringMVC" />
    <property name="projectName" value="WebProject" />
    <property name="java.specification.version" value="1.7" />
    <property name="sun.arch.data.model" value="64" />
    <property name="ivy.buildlist.ivyfilepath" value="ivy.xml" />
  </properties>
  <testcase classname="com.mkyong.test.TestMessage" name="test_welcome_message" time="0.002" />
  <system-out><![CDATA[]]></system-out>
  <system-err><![CDATA[]]></system-err>
</testsuite>
